<?xml version="1.0" encoding="UTF-8"?>
<testng-results skipped="0" failed="0" total="1" passed="1">
  <reporter-output>
  </reporter-output>
  <suite name="Default suite" duration-ms="15543" started-at="2022-01-31T22:09:37Z" finished-at="2022-01-31T22:09:53Z">
    <groups>
    </groups>
    <test name="Default test" duration-ms="15543" started-at="2022-01-31T22:09:37Z" finished-at="2022-01-31T22:09:53Z">
      <class name="com.acti.testcases.Testcreatecustomer">
        <test-method status="PASS" signature="pretest()[pri:0, instance:com.acti.testcases.Testcreatecustomer@75bd9247]" name="pretest" is-config="true" duration-ms="7664" started-at="2022-01-31T16:09:37Z" finished-at="2022-01-31T16:09:45Z">
          <reporter-output>
          </reporter-output>
        </test-method> <!-- pretest -->
        <test-method status="PASS" signature="testcreatecustomer()[pri:0, instance:com.acti.testcases.Testcreatecustomer@75bd9247]" name="testcreatecustomer" duration-ms="7833" started-at="2022-01-31T16:09:45Z" finished-at="2022-01-31T16:09:53Z">
          <reporter-output>
          </reporter-output>
        </test-method> <!-- testcreatecustomer -->
      </class> <!-- com.acti.testcases.Testcreatecustomer -->
    </test> <!-- Default test -->
  </suite> <!-- Default suite -->
</testng-results>
