<?xml version="1.0" encoding="UTF-8"?>
<testng-results skipped="0" failed="0" total="1" passed="1">
  <reporter-output>
  </reporter-output>
  <suite name="Default suite" duration-ms="7118" started-at="2022-01-28T17:42:56Z" finished-at="2022-01-28T17:43:03Z">
    <groups>
    </groups>
    <test name="Default test" duration-ms="7118" started-at="2022-01-28T17:42:56Z" finished-at="2022-01-28T17:43:03Z">
      <class name="com.acti.testcases.Loginpagetest">
        <test-method status="PASS" signature="pretest()[pri:0, instance:com.acti.testcases.Loginpagetest@75bd9247]" name="pretest" is-config="true" duration-ms="6250" started-at="2022-01-28T11:42:56Z" finished-at="2022-01-28T11:43:03Z">
          <reporter-output>
          </reporter-output>
        </test-method> <!-- pretest -->
        <test-method status="PASS" signature="testvalidateloginfunction()[pri:4, instance:com.acti.testcases.Loginpagetest@75bd9247]" name="testvalidateloginfunction" duration-ms="535" started-at="2022-01-28T11:43:03Z" finished-at="2022-01-28T11:43:03Z">
          <reporter-output>
          </reporter-output>
        </test-method> <!-- testvalidateloginfunction -->
        <test-method status="PASS" signature="posttest()[pri:0, instance:com.acti.testcases.Loginpagetest@75bd9247]" name="posttest" is-config="true" duration-ms="303" started-at="2022-01-28T11:43:03Z" finished-at="2022-01-28T11:43:03Z">
          <reporter-output>
          </reporter-output>
        </test-method> <!-- posttest -->
      </class> <!-- com.acti.testcases.Loginpagetest -->
    </test> <!-- Default test -->
  </suite> <!-- Default suite -->
</testng-results>
